<?xml version="1.0" encoding="UTF-8"?>
<coverage generated="1780958924281" clover="3.2.0">
  <project timestamp="1780958924281" name="All files">
    <metrics statements="13" coveredstatements="11" conditionals="9" coveredconditionals="7" methods="2" coveredmethods="2" elements="24" coveredelements="20" complexity="0" loc="13" ncloc="13" packages="1" files="1" classes="1"/>
    <file name="patientService.js" path="C:\Users\gabre\OneDrive\Área de Trabalho\medagenda1\medagenda\test\patientService.js">
      <metrics statements="13" coveredstatements="11" conditionals="9" coveredconditionals="7" methods="2" coveredmethods="2"/>
      <line num="3" count="1" type="stmt"/>
      <line num="6" count="3" type="cond" truecount="4" falsecount="1"/>
      <line num="7" count="0" type="stmt"/>
      <line num="10" count="3" type="stmt"/>
      <line num="11" count="3" type="cond" truecount="1" falsecount="1"/>
      <line num="12" count="0" type="stmt"/>
      <line num="15" count="3" type="stmt"/>
      <line num="16" count="3" type="cond" truecount="2" falsecount="0"/>
      <line num="17" count="1" type="stmt"/>
      <line num="20" count="2" type="stmt"/>
      <line num="21" count="2" type="stmt"/>
      <line num="22" count="2" type="stmt"/>
      <line num="26" count="1" type="stmt"/>
    </file>
  </project>
</coverage>
